# JRE version: OpenJDK Runtime Environment (8.0) (build 1.8.0-25-microsoft-b00)
# Java VM: OpenJDK 64-Bit Server VM (25.71-b00 mixed mode windows-amd64 compressed oops)
Heap:
 PSYoungGen      total 141824K, used 32385K [0x00000000eab00000, 0x00000000f7580000, 0x0000000100000000)
  eden space 131072K, 23% used [0x00000000eab00000,0x00000000ec950708,0x00000000f2b00000)
  from space 10752K, 12% used [0x00000000f2b00000,0x00000000f2c50000,0x00000000f3580000)
  to   space 18432K, 0% used [0x00000000f6380000,0x00000000f6380000,0x00000000f7580000)
 ParOldGen       total 175104K, used 94087K [0x00000000c0000000, 0x00000000cab00000, 0x00000000eab00000)
  object space 175104K, 53% used [0x00000000c0000000,0x00000000c5be1ca8,0x00000000cab00000)
 Metaspace       used 17025K, capacity 18140K, committed 18304K, reserved 1064960K
  class space    used 2043K, capacity 2329K, committed 2432K, reserved 1048576K
GC Heap History (10 events):
Event: 5.467 GC heap before
{Heap before GC invocations=23 (full 0):
 PSYoungGen      total 141824K, used 133024K [0x00000000eab00000, 0x00000000f4000000, 0x0000000100000000)
  eden space 131072K, 100% used [0x00000000eab00000,0x00000000f2b00000,0x00000000f2b00000)
  from space 10752K, 18% used [0x00000000f3580000,0x00000000f3768000,0x00000000f4000000)
  to   space 10752K, 0% used [0x00000000f2b00000,0x00000000f2b00000,0x00000000f3580000)
 ParOldGen       total 175104K, used 87987K [0x00000000c0000000, 0x00000000cab00000, 0x00000000eab00000)
  object space 175104K, 50% used [0x00000000c0000000,0x00000000c55ecc68,0x00000000cab00000)
 Metaspace       used 16281K, capacity 17360K, committed 17664K, reserved 1064960K
  class space    used 1955K, capacity 2218K, committed 2304K, reserved 1048576K
Event: 5.469 GC heap after
Heap after GC invocations=23 (full 0):
 PSYoungGen      total 141824K, used 1152K [0x00000000eab00000, 0x00000000f4000000, 0x0000000100000000)
  eden space 131072K, 0% used [0x00000000eab00000,0x00000000eab00000,0x00000000f2b00000)
  from space 10752K, 10% used [0x00000000f2b00000,0x00000000f2c20010,0x00000000f3580000)
  to   space 10752K, 0% used [0x00000000f3580000,0x00000000f3580000,0x00000000f4000000)
 ParOldGen       total 175104K, used 89099K [0x00000000c0000000, 0x00000000cab00000, 0x00000000eab00000)
  object space 175104K, 50% used [0x00000000c0000000,0x00000000c5702c68,0x00000000cab00000)
 Metaspace       used 16281K, capacity 17360K, committed 17664K, reserved 1064960K
  class space    used 1955K, capacity 2218K, committed 2304K, reserved 1048576K
}
Event: 5.606 GC heap before
{Heap before GC invocations=24 (full 0):
 PSYoungGen      total 141824K, used 132224K [0x00000000eab00000, 0x00000000f4000000, 0x0000000100000000)
  eden space 131072K, 100% used [0x00000000eab00000,0x00000000f2b00000,0x00000000f2b00000)
  from space 10752K, 10% used [0x00000000f2b00000,0x00000000f2c20010,0x00000000f3580000)
  to   space 10752K, 0% used [0x00000000f3580000,0x00000000f3580000,0x00000000f4000000)
 ParOldGen       total 175104K, used 89099K [0x00000000c0000000, 0x00000000cab00000, 0x00000000eab00000)
  object space 175104K, 50% used [0x00000000c0000000,0x00000000c5702c68,0x00000000cab00000)
 Metaspace       used 16287K, capacity 17360K, committed 17664K, reserved 1064960K
  class space    used 1955K, capacity 2218K, committed 2304K, reserved 1048576K
Event: 5.608 GC heap after
Heap after GC invocations=24 (full 0):
 PSYoungGen      total 141824K, used 1680K [0x00000000eab00000, 0x00000000f4000000, 0x0000000100000000)
  eden space 131072K, 0% used [0x00000000eab00000,0x00000000eab00000,0x00000000f2b00000)
  from space 10752K, 15% used [0x00000000f3580000,0x00000000f3724010,0x00000000f4000000)
  to   space 10752K, 0% used [0x00000000f2b00000,0x00000000f2b00000,0x00000000f3580000)
 ParOldGen       total 175104K, used 90027K [0x00000000c0000000, 0x00000000cab00000, 0x00000000eab00000)
  object space 175104K, 51% used [0x00000000c0000000,0x00000000c57eac78,0x00000000cab00000)
 Metaspace       used 16287K, capacity 17360K, committed 17664K, reserved 1064960K
  class space    used 1955K, capacity 2218K, committed 2304K, reserved 1048576K
}
Event: 5.740 GC heap before
{Heap before GC invocations=25 (full 0):
 PSYoungGen      total 141824K, used 132752K [0x00000000eab00000, 0x00000000f4000000, 0x0000000100000000)
  eden space 131072K, 100% used [0x00000000eab00000,0x00000000f2b00000,0x00000000f2b00000)
  from space 10752K, 15% used [0x00000000f3580000,0x00000000f3724010,0x00000000f4000000)
  to   space 10752K, 0% used [0x00000000f2b00000,0x00000000f2b00000,0x00000000f3580000)
 ParOldGen       total 175104K, used 90027K [0x00000000c0000000, 0x00000000cab00000, 0x00000000eab00000)
  object space 175104K, 51% used [0x00000000c0000000,0x00000000c57eac78,0x00000000cab00000)
 Metaspace       used 16297K, capacity 17360K, committed 17664K, reserved 1064960K
  class space    used 1955K, capacity 2218K, committed 2304K, reserved 1048576K
Event: 5.742 GC heap after
Heap after GC invocations=25 (full 0):
 PSYoungGen      total 141824K, used 1408K [0x00000000eab00000, 0x00000000f4000000, 0x0000000100000000)
  eden space 131072K, 0% used [0x00000000eab00000,0x00000000eab00000,0x00000000f2b00000)
  from space 10752K, 13% used [0x00000000f2b00000,0x00000000f2c60000,0x00000000f3580000)
  to   space 10752K, 0% used [0x00000000f3580000,0x00000000f3580000,0x00000000f4000000)
 ParOldGen       total 175104K, used 91459K [0x00000000c0000000, 0x00000000cab00000, 0x00000000eab00000)
  object space 175104K, 52% used [0x00000000c0000000,0x00000000c5950c88,0x00000000cab00000)
 Metaspace       used 16297K, capacity 17360K, committed 17664K, reserved 1064960K
  class space    used 1955K, capacity 2218K, committed 2304K, reserved 1048576K
}
Event: 5.873 GC heap before
{Heap before GC invocations=26 (full 0):
 PSYoungGen      total 141824K, used 132480K [0x00000000eab00000, 0x00000000f4000000, 0x0000000100000000)
  eden space 131072K, 100% used [0x00000000eab00000,0x00000000f2b00000,0x00000000f2b00000)
  from space 10752K, 13% used [0x00000000f2b00000,0x00000000f2c60000,0x00000000f3580000)
  to   space 10752K, 0% used [0x00000000f3580000,0x00000000f3580000,0x00000000f4000000)
 ParOldGen       total 175104K, used 91459K [0x00000000c0000000, 0x00000000cab00000, 0x00000000eab00000)
  object space 175104K, 52% used [0x00000000c0000000,0x00000000c5950c88,0x00000000cab00000)
 Metaspace       used 16304K, capacity 17360K, committed 17664K, reserved 1064960K
  class space    used 1955K, capacity 2218K, committed 2304K, reserved 1048576K
Event: 5.876 GC heap after
Heap after GC invocations=26 (full 0):
 PSYoungGen      total 141824K, used 1696K [0x00000000eab00000, 0x00000000f4000000, 0x0000000100000000)
  eden space 131072K, 0% used [0x00000000eab00000,0x00000000eab00000,0x00000000f2b00000)
  from space 10752K, 15% used [0x00000000f3580000,0x00000000f3728010,0x00000000f4000000)
  to   space 10752K, 0% used [0x00000000f2b00000,0x00000000f2b00000,0x00000000f3580000)
 ParOldGen       total 175104K, used 92659K [0x00000000c0000000, 0x00000000cab00000, 0x00000000eab00000)
  object space 175104K, 52% used [0x00000000c0000000,0x00000000c5a7cc88,0x00000000cab00000)
 Metaspace       used 16304K, capacity 17360K, committed 17664K, reserved 1064960K
  class space    used 1955K, capacity 2218K, committed 2304K, reserved 1048576K
}
Event: 6.111 GC heap before
{Heap before GC invocations=27 (full 0):
 PSYoungGen      total 141824K, used 132768K [0x00000000eab00000, 0x00000000f4000000, 0x0000000100000000)
  eden space 131072K, 100% used [0x00000000eab00000,0x00000000f2b00000,0x00000000f2b00000)
  from space 10752K, 15% used [0x00000000f3580000,0x00000000f3728010,0x00000000f4000000)
  to   space 10752K, 0% used [0x00000000f2b00000,0x00000000f2b00000,0x00000000f3580000)
 ParOldGen       total 175104K, used 92659K [0x00000000c0000000, 0x00000000cab00000, 0x00000000eab00000)
  object space 175104K, 52% used [0x00000000c0000000,0x00000000c5a7cc88,0x00000000cab00000)
 Metaspace       used 16308K, capacity 17360K, committed 17664K, reserved 1064960K
  class space    used 1955K, capacity 2218K, committed 2304K, reserved 1048576K
Event: 6.115 GC heap after
Heap after GC invocations=27 (full 0):
 PSYoungGen      total 141824K, used 1344K [0x00000000eab00000, 0x00000000f7580000, 0x0000000100000000)
  eden space 131072K, 0% used [0x00000000eab00000,0x00000000eab00000,0x00000000f2b00000)
  from space 10752K, 12% used [0x00000000f2b00000,0x00000000f2c50000,0x00000000f3580000)
  to   space 18432K, 0% used [0x00000000f6380000,0x00000000f6380000,0x00000000f7580000)
 ParOldGen       total 175104K, used 94087K [0x00000000c0000000, 0x00000000cab00000, 0x00000000eab00000)
  object space 175104K, 53% used [0x00000000c0000000,0x00000000c5be1ca8,0x00000000cab00000)
 Metaspace       used 16308K, capacity 17360K, committed 17664K, reserved 1064960K
  class space    used 1955K, capacity 2218K, committed 2304K, reserved 1048576K
}

